<?xml version="1.0" encoding="UTF-8"?>
<testsuite xmlns:xsi="http://www.w3.org/2001/XMLSchema-instance" xsi:noNamespaceSchemaLocation="https://maven.apache.org/surefire/maven-surefire-plugin/xsd/surefire-test-report-3.0.xsd" version="3.0" name="com.T07.compExec.CompExecApplicationTests" time="3.729" tests="1" errors="0" skipped="0" failures="0">
  <properties>
[...]
</properties>
  <testcase name="contextLoads" classname="com.T07.compExec.CompExecApplicationTests" time="1.026">
    <system-out><![CDATA[17:49:55.135 [main] INFO org.springframework.test.context.support.AnnotationConfigContextLoaderUtils -- Could not detect default configuration classes for test class [com.T07.compExec.CompExecApplicationTests]: CompExecApplicationTests does not declare any static, non-private, non-final, nested classes annotated with @Configuration.
17:49:55.280 [main] INFO org.springframework.boot.test.context.SpringBootTestContextBootstrapper -- Found @SpringBootConfiguration com.T07.compExec.CompExecApplication for test class com.T07.compExec.CompExecApplicationTests

  .   ____          _            __ _ _
 /\\ / ___'_ __ _ _(_)_ __  __ _ \ \ \ \
( ( )\___ | '_ | '_| | '_ \/ _` | \ \ \ \
 \\/  ___)| |_)| | | | | || (_| |  ) ) ) )
  '  |____| .__|_| |_|_| |_\__, | / / / /
 =========|_|==============|___/=/_/_/_/
 :: Spring Boot ::                (v3.1.0)

2023-07-24T17:49:55.863+02:00  INFO 4552 --- [           main] c.T07.compExec.CompExecApplicationTests  : Starting CompExecApplicationTests using Java 17.0.7 with PID 4552 (started by USER in D:\IntelliJ\Projects\compExec)
2023-07-24T17:49:55.865+02:00  INFO 4552 --- [           main] c.T07.compExec.CompExecApplicationTests  : No active profile set, falling back to 1 default profile: "default"
2023-07-24T17:49:57.650+02:00  INFO 4552 --- [           main] c.T07.compExec.CompExecApplicationTests  : Started CompExecApplicationTests in 2.154 seconds (process running for 3.294)
]]></system-out>
  </testcase>
</testsuite>